<?xml version="1.0" encoding="UTF-8"?>
<!-- Generated by org.testng.reporters.JUnitReportReporter -->
<testsuite skipped="1" hostname="SEZLAP-13554T" name="com.apex.testCases.CashDrawerMaintenance" tests="2" failures="0" timestamp="2023-03-16T17:18:38 IST" time="34.231" errors="0">
  <testcase name="TC20verifySiteNoAndSiteNameTextFiledAreVisibleOnCashDrawerDeclaration" time="34.231" classname="com.apex.testCases.CashDrawerMaintenance"/>
  <system-out/>
  <testcase name="TC57verifyCoinsCurrencyandTenderSectionOnCashDrawerReconciliation" classname="com.apex.testCases.CashDrawerMaintenance">
    <skipped/>
  </testcase> <!-- TC57verifyCoinsCurrencyandTenderSectionOnCashDrawerReconciliation -->
  <system-out/>
</testsuite> <!-- com.apex.testCases.CashDrawerMaintenance -->
