<?xml version="1.0" encoding="UTF-8"?>
<!-- Generated by org.testng.reporters.JUnitReportReporter -->
<testsuite skipped="0" hostname="SEZLAP-13554T" name="com.apex.testCases.CashDrawerSetup" tests="1" failures="0" timestamp="2022-03-14T12:03:25 IST" time="32.639" errors="0">
  <testcase name="TC05verify_Currency_Sum" time="32.639" classname="com.apex.testCases.CashDrawerSetup"/>
  <system-out/>
</testsuite> <!-- com.apex.testCases.CashDrawerSetup -->
