<?xml version="1.0" encoding="UTF-8"?>
<!-- Generated by org.testng.reporters.JUnitReportReporter -->
<testsuite skipped="0" hostname="SEZLAP-13554T" name="com.apex.testCases.FrameAndWindow" tests="1" failures="0" timestamp="2022-10-07T18:43:09 IST" time="47.752" errors="0">
  <testcase name="TC01FrameAndWindow" time="47.752" classname="com.apex.testCases.FrameAndWindow"/>
  <system-out/>
</testsuite> <!-- com.apex.testCases.FrameAndWindow -->
