<?xml version="1.0" encoding="UTF-8"?>
<!-- Generated by org.testng.reporters.JUnitReportReporter -->
<testsuite hostname="SEZLAP-13554T" failures="0" tests="2" name="testCases.Login" time="108.686" errors="0" timestamp="2022-02-07T14:40:48 IST" skipped="0">
  <testcase classname="testCases.Login" name="verify_the_validation_messages_Cash_drawer_Setup" time="48.589"/>
  <system-out/>
  <testcase classname="testCases.Login" name="verify_the_assign_to_register_dropdown" time="60.097"/>
  <system-out/>
</testsuite> <!-- testCases.Login -->
