<?xml version="1.0" encoding="UTF-8"?>
<!-- Generated by org.testng.reporters.JUnitReportReporter -->
<testsuite skipped="0" hostname="SEZLAP-13554T" name="com.apex.testCases.ItemCriteriaTC" tests="15" failures="0" timestamp="2022-09-27T18:02:37 IST" time="842.467" errors="0">
  <testcase name="TC01verifyVendorFilterCollapseButton" time="45.546" classname="com.apex.testCases.ItemCriteriaTC"/>
  <system-out/>
  <testcase name="TC02verifyVendorIdFromParentPage" time="53.173" classname="com.apex.testCases.ItemCriteriaTC"/>
  <system-out/>
  <testcase name="TC03verifyVendorTypeCdLOVData" time="57.684" classname="com.apex.testCases.ItemCriteriaTC"/>
  <system-out/>
  <testcase name="TC04verifyValueForAttribute" time="48.227" classname="com.apex.testCases.ItemCriteriaTC"/>
  <system-out/>
  <testcase name="TC06verifySiteNoFieldWillBeDisbaledForRemoteSite" time="53.332" classname="com.apex.testCases.ItemCriteriaTC"/>
  <system-out/>
  <testcase name="TC07verifyShowInResultsWillShowAdditionalFields" time="51.938" classname="com.apex.testCases.ItemCriteriaTC"/>
  <system-out/>
  <testcase name="TC08verifyClearButtonOnVendorSelection" time="54.559" classname="com.apex.testCases.ItemCriteriaTC"/>
  <system-out/>
  <testcase name="TC09verifyOkButtonOnVendorSelection" time="53.141" classname="com.apex.testCases.ItemCriteriaTC"/>
  <system-out/>
  <testcase name="TC10verifySearchButtonOnVendorSelection" time="56.667" classname="com.apex.testCases.ItemCriteriaTC"/>
  <system-out/>
  <testcase name="TC11verifyVendorID" time="56.219" classname="com.apex.testCases.ItemCriteriaTC"/>
  <system-out/>
  <testcase name="TC12verifyVendorType" time="104.872" classname="com.apex.testCases.ItemCriteriaTC"/>
  <system-out/>
  <testcase name="TC13verifyUCCID" time="48.576" classname="com.apex.testCases.ItemCriteriaTC"/>
  <system-out/>
  <testcase name="TC14verifyext_Vendor_Num" time="51.043" classname="com.apex.testCases.ItemCriteriaTC"/>
  <system-out/>
  <testcase name="TC15verifyext_Vendor_Site" time="47.201" classname="com.apex.testCases.ItemCriteriaTC"/>
  <system-out/>
  <testcase name="TC16verifyCriteriaAlertBoxOnBlankSearch" time="60.289" classname="com.apex.testCases.ItemCriteriaTC"/>
  <system-out/>
</testsuite> <!-- com.apex.testCases.ItemCriteriaTC -->
