<?xml version="1.0" encoding="UTF-8"?>
<!-- Generated by org.testng.reporters.JUnitReportReporter -->
<testsuite skipped="0" hostname="SEZLAP-13554T" name="com.apex.testCases.ConfigurationFlagMaintenanceTC" tests="1" failures="0" timestamp="2023-03-09T14:44:36 IST" time="86.146" errors="0">
  <testcase name="TC16verifyExitButtonOnConfigurationFlagMaintenance" time="86.146" classname="com.apex.testCases.ConfigurationFlagMaintenanceTC"/>
  <system-out/>
</testsuite> <!-- com.apex.testCases.ConfigurationFlagMaintenanceTC -->
