<?xml version="1.0" encoding="UTF-8"?>
<!-- Generated by org.testng.reporters.JUnitReportReporter -->
<testsuite skipped="0" hostname="SEZLAP-13554T" name="com.apex.testCases.MoveFundsTC" tests="1" failures="0" timestamp="2023-02-15T17:38:17 IST" time="44.294" errors="0">
  <testcase name="TC17verifyAuthorizationWindowWithWrongCredentialsOnMoveFunds" time="44.294" classname="com.apex.testCases.MoveFundsTC"/>
  <system-out/>
</testsuite> <!-- com.apex.testCases.MoveFundsTC -->
