<?xml version="1.0" encoding="UTF-8"?>
<!-- Generated by org.testng.reporters.JUnitReportReporter -->
<testsuite skipped="0" hostname="SEZLAP-13554T" name="com.apex.testCases.excel" tests="1" failures="0" timestamp="2022-06-22T13:15:40 IST" time="8.231" errors="0">
  <testcase name="tc01test1" time="8.231" classname="com.apex.testCases.excel"/>
  <system-out/>
</testsuite> <!-- com.apex.testCases.excel -->
