<?xml version="1.0" encoding="UTF-8"?>
<!-- Generated by org.testng.reporters.JUnitReportReporter -->
<testsuite skipped="0" hostname="SEZLAP-13554T" name="com.rediron.apex.testCases.LoginTcNew" tests="1" failures="0" timestamp="2023-04-12T16:56:37 IST" time="2.940" errors="0">
  <testcase name="Tc01LoginWithValidCred" time="2.940" classname="com.rediron.apex.testCases.LoginTcNew"/>
  <system-out/>
</testsuite> <!-- com.rediron.apex.testCases.LoginTcNew -->
