<?xml version="1.0" encoding="UTF-8"?>
<!-- Generated by org.testng.reporters.JUnitReportReporter -->
<testsuite skipped="0" hostname="SEZLAP-13554T" name="com.apex.testCases.DBTest" tests="1" failures="0" timestamp="2022-03-04T12:30:26 IST" time="5.414" errors="0">
  <testcase name="test" time="5.414" classname="com.apex.testCases.DBTest"/>
  <system-out/>
</testsuite> <!-- com.apex.testCases.DBTest -->
