<?xml version="1.0" encoding="UTF-8"?>
<!-- Generated by org.testng.reporters.JUnitReportReporter -->
<testsuite hostname="SEZLAP-13554T" failures="0" tests="1" name="testCases.DBTest" time="0.841" errors="0" timestamp="2022-02-04T16:43:39 IST" skipped="0">
  <testcase classname="testCases.DBTest" name="dbtest" time="0.841"/>
  <system-out/>
</testsuite> <!-- testCases.DBTest -->
