<?xml version="1.0" encoding="UTF-8"?>
<!-- Generated by org.testng.reporters.JUnitReportReporter -->
<testsuite skipped="0" hostname="SEZLAP-13554T" name="testCases.CashDrawerSetup" tests="1" failures="0" timestamp="2022-02-23T18:17:22 IST" time="16.464" errors="0">
  <testcase name="TC01loginWithValidCred" time="16.464" classname="testCases.CashDrawerSetup"/>
  <system-out/>
</testsuite> <!-- testCases.CashDrawerSetup -->
