<?xml version="1.0" encoding="UTF-8"?>
<!-- Generated by org.testng.reporters.JUnitReportReporter -->
<testsuite skipped="1" hostname="SEZLAP-13554T" name="com.apex.testCases.GeneralSiteConfigurationTC" tests="9" failures="0" timestamp="2023-01-18T13:02:25 IST" time="473.768" errors="0">
  <testcase name="TC01verifyRemoteSiteAccessOnGeneralSiteConfigurationScreen" time="40.471" classname="com.apex.testCases.GeneralSiteConfigurationTC"/>
  <system-out/>
  <testcase name="TC02verifyExitButtonFunctionalityConfigurationScreen" time="59.091" classname="com.apex.testCases.GeneralSiteConfigurationTC"/>
  <system-out/>
  <testcase name="TC03verifyThatSaveButtonIsDisabledIfNoChangeDoneOnGeneralSiteConfigurationScreen" time="43.441" classname="com.apex.testCases.GeneralSiteConfigurationTC"/>
  <system-out/>
  <testcase name="TC04verifyClearButtonFunctionalityOnGeneralSiteConfigurationScreen" time="47.183" classname="com.apex.testCases.GeneralSiteConfigurationTC"/>
  <system-out/>
  <testcase name="TC05verifyClearNOButtonFunctionalityOnGeneralSiteConfigurationScreen" time="54.840" classname="com.apex.testCases.GeneralSiteConfigurationTC"/>
  <system-out/>
  <testcase name="TC06verifyClearButtonFunctionalityYesOnGeneralSiteConfigurationScreen" time="52.135" classname="com.apex.testCases.GeneralSiteConfigurationTC">
    <skipped/>
  </testcase> <!-- TC06verifyClearButtonFunctionalityYesOnGeneralSiteConfigurationScreen -->
  <system-out/>
  <testcase name="TC06verifyClearButtonFunctionalityYesOnGeneralSiteConfigurationScreen" time="56.535" classname="com.apex.testCases.GeneralSiteConfigurationTC"/>
  <system-out/>
  <testcase name="TC07verifyClearCancelButtonFunctionalityOnGeneralSiteConfigurationScreen" time="62.233" classname="com.apex.testCases.GeneralSiteConfigurationTC"/>
  <system-out/>
  <testcase name="TC08verifyDeptgroupDeptClassLineOnGeneralSiteConfigurationScreen" time="57.839" classname="com.apex.testCases.GeneralSiteConfigurationTC"/>
  <system-out/>
</testsuite> <!-- com.apex.testCases.GeneralSiteConfigurationTC -->
