<?xml version="1.0" encoding="UTF-8"?>
<!-- Generated by org.testng.reporters.JUnitReportReporter -->
<testsuite skipped="0" hostname="SEZLAP-13554T" name="com.apex.testCases.SafeWithdrawlTestcases" tests="1" failures="0" timestamp="2022-07-22T17:23:16 IST" time="36.451" errors="0">
  <testcase name="VerifyAuthWindowWithWrongCredentials" time="36.451" classname="com.apex.testCases.SafeWithdrawlTestcases"/>
  <system-out/>
</testsuite> <!-- com.apex.testCases.SafeWithdrawlTestcases -->
