<?xml version="1.0" encoding="UTF-8"?>
<!-- Generated by org.testng.reporters.JUnitReportReporter -->
<testsuite skipped="0" hostname="SEZLAP-13554T" name="com.apex.testCases.EndOfDayTC" tests="1" failures="0" timestamp="2022-08-23T16:08:29 IST" time="209.064" errors="0">
  <testcase name="TC04verifyTransactionDateAgainstDB" time="209.064" classname="com.apex.testCases.EndOfDayTC"/>
  <system-out/>
</testsuite> <!-- com.apex.testCases.EndOfDayTC -->
