<?xml version="1.0" encoding="UTF-8"?>
<!-- Generated by org.testng.reporters.JUnitReportReporter -->
<testsuite skipped="0" hostname="SEZLAP-13554T" name="com.apex.testCases.SafeMaintenance" tests="42" failures="0" timestamp="2023-02-17T16:25:10 IST" time="2317.603" errors="0">
  <testcase name="TC10verify_Cash_Amount_RowinTender_RegionOnSafeReceipt" time="40.747" classname="com.apex.testCases.SafeMaintenance"/>
  <system-out/>
  <testcase name="TC17verifySAFE_TRAN_TYPE_REQUIREDOnSafeReceipt" time="52.264" classname="com.apex.testCases.SafeMaintenance"/>
  <system-out/>
  <testcase name="TC19verifyPageTitleSafeRecon" time="38.740" classname="com.apex.testCases.SafeMaintenance"/>
  <system-out/>
  <testcase name="TC27verifyTotalActualAmountInTenderSectionSafeRecon" time="57.555" classname="com.apex.testCases.SafeMaintenance"/>
  <system-out/>
  <testcase name="TC21verifyCancleButtonOnSafeReconScreen" time="54.201" classname="com.apex.testCases.SafeMaintenance"/>
  <system-out/>
  <testcase name="TC11verifyTotalAmountCalculationOnSafeReceipt" time="40.916" classname="com.apex.testCases.SafeMaintenance"/>
  <system-out/>
  <testcase name="TC07verifyAuthorizationWindowWithWrongcredentialsOnSafeReceipt" time="42.019" classname="com.apex.testCases.SafeMaintenance"/>
  <system-out/>
  <testcase name="TC29VerifyTenderRegionShouldBePopulatedSafeRecon" time="55.129" classname="com.apex.testCases.SafeMaintenance"/>
  <system-out/>
  <testcase name="TC34verifyunreconciledDrawersDateSafeRecon" time="50.103" classname="com.apex.testCases.SafeMaintenance"/>
  <system-out/>
  <testcase name="TC39verifyINCLUDE_AR_CHARGESSafeRecon" time="64.966" classname="com.apex.testCases.SafeMaintenance"/>
  <system-out/>
  <testcase name="TC13verifySAFE_RECON_IN_PROCESSOnSafeReceipt" time="145.005" classname="com.apex.testCases.SafeMaintenance"/>
  <system-out/>
  <testcase name="TC21verifyCancleButtonOnSafeReconScreen" time="49.455" classname="com.apex.testCases.SafeMaintenance"/>
  <system-out/>
  <testcase name="TC03verifyTransactionDateOnSafeReceipt" time="84.065" classname="com.apex.testCases.SafeMaintenance"/>
  <system-out/>
  <testcase name="TC24verifyReconciliationDateSafeRecon" time="65.951" classname="com.apex.testCases.SafeMaintenance"/>
  <system-out/>
  <testcase name="TC32verifybillNameSafeReconSafeRecon" time="50.894" classname="com.apex.testCases.SafeMaintenance"/>
  <system-out/>
  <testcase name="TC21verifyCancleButtonOnSafeReconScreen" time="50.804" classname="com.apex.testCases.SafeMaintenance"/>
  <system-out/>
  <testcase name="TC37verifyCancelButtonOnAuthWindowSafeRecon" time="59.624" classname="com.apex.testCases.SafeMaintenance"/>
  <system-out/>
  <testcase name="TC25verifyReconciliationDateLessthanCurrentDate" time="96.842" classname="com.apex.testCases.SafeMaintenance"/>
  <system-out/>
  <testcase name="TC30verifyTotalExpectedAmountInTenderSectionSafeRecon" time="59.484" classname="com.apex.testCases.SafeMaintenance"/>
  <system-out/>
  <testcase name="TC20verifyCurrentSiteNoAndSiteNameSafeRecon" time="40.388" classname="com.apex.testCases.SafeMaintenance"/>
  <system-out/>
  <testcase name="TC05verifyCoinNameOnSafeReceipt" time="45.097" classname="com.apex.testCases.SafeMaintenance"/>
  <system-out/>
  <testcase name="TC09verify_Exit_Button_SafeReceipt" time="46.149" classname="com.apex.testCases.SafeMaintenance"/>
  <system-out/>
  <testcase name="TC22verifyExitButtonOnSafeReconScreen" time="51.957" classname="com.apex.testCases.SafeMaintenance"/>
  <system-out/>
  <testcase name="TC33verifyCoinNameSafeRecon" time="51.294" classname="com.apex.testCases.SafeMaintenance"/>
  <system-out/>
  <testcase name="TC02verifyTypeLovDataOnSafeReceipt" time="51.119" classname="com.apex.testCases.SafeMaintenance"/>
  <system-out/>
  <testcase name="TC15verifyTransactionDateSearchWithValidDataOnSafeReceipt" time="49.803" classname="com.apex.testCases.SafeMaintenance"/>
  <system-out/>
  <testcase name="TC14verifyCancelButtonOnAuthWindowOnSafeReceipt" time="46.113" classname="com.apex.testCases.SafeMaintenance"/>
  <system-out/>
  <testcase name="TC08verifyCancelButtonOnSafeReceipt" time="44.245" classname="com.apex.testCases.SafeMaintenance"/>
  <system-out/>
  <testcase name="TC04verifybillNameOnSafeReceipt" time="45.006" classname="com.apex.testCases.SafeMaintenance"/>
  <system-out/>
  <testcase name="TC28VerifyActualFloatAmountSafeRecon" time="53.214" classname="com.apex.testCases.SafeMaintenance"/>
  <system-out/>
  <testcase name="TC18verifyThatTypeFiledIsRequiredOnSafeReceipt" time="54.996" classname="com.apex.testCases.SafeMaintenance"/>
  <system-out/>
  <testcase name="TC36verifyOverShortAmountInCheckAuditScreenSafeRecon" time="55.492" classname="com.apex.testCases.SafeMaintenance"/>
  <system-out/>
  <testcase name="TC01verifySiteNoAndSiteNameAredisabledTextFiledOnSafeReceipt" time="39.868" classname="com.apex.testCases.SafeMaintenance"/>
  <system-out/>
  <testcase name="TC23verifyAuthWindowWithWrongCredentialsSafeRecon" time="57.449" classname="com.apex.testCases.SafeMaintenance"/>
  <system-out/>
  <testcase name="TC40verifySAFE_RECON_IN_PROCESS_OnSAfeReconScreen" time="63.895" classname="com.apex.testCases.SafeMaintenance"/>
  <system-out/>
  <testcase name="TC38verifyCheckDetailsButtonIsEnableSafeRecon" time="51.224" classname="com.apex.testCases.SafeMaintenance"/>
  <system-out/>
  <testcase name="TC31verifyOverShortAmountSafeRecon" time="48.401" classname="com.apex.testCases.SafeMaintenance"/>
  <system-out/>
  <testcase name="TC06AutoReconciletenderswillnotbeshownOnSafeReceipt" time="42.841" classname="com.apex.testCases.SafeMaintenance"/>
  <system-out/>
  <testcase name="TC26verifyCurrencyCoinsSectionSafeRecon" time="54.062" classname="com.apex.testCases.SafeMaintenance"/>
  <system-out/>
  <testcase name="TC12verifyDataChangesOnSaveOnSafeReceipt" time="54.604" classname="com.apex.testCases.SafeMaintenance"/>
  <system-out/>
  <testcase name="TC35verifyExpAmountSumInCheckAuditScreenSafeRecon" time="66.458" classname="com.apex.testCases.SafeMaintenance"/>
  <system-out/>
  <testcase name="TC16verifyTransactionDateSearchWithInValidDataOnSafeReceipt" time="45.164" classname="com.apex.testCases.SafeMaintenance"/>
  <system-out/>
</testsuite> <!-- com.apex.testCases.SafeMaintenance -->
