<?xml version="1.0" encoding="UTF-8"?>
<!-- Generated by org.testng.reporters.JUnitReportReporter -->
<testsuite skipped="0" hostname="SEZLAP-13554T" name="com.apex.testCases.ProductCodeTC" tests="1" failures="0" timestamp="2023-03-16T18:03:36 IST" time="41.250" errors="0">
  <testcase name="TC01verifySearchOnProductCode" time="41.250" classname="com.apex.testCases.ProductCodeTC"/>
  <system-out/>
</testsuite> <!-- com.apex.testCases.ProductCodeTC -->
