<?xml version="1.0" encoding="UTF-8"?>
<!-- Generated by org.testng.reporters.JUnitReportReporter -->
<testsuite skipped="0" hostname="SEZLAP-13554T" name="com.apex.testCases.EntityOwnership" tests="1" failures="0" timestamp="2022-12-20T14:59:57 IST" time="31.431" errors="0">
  <testcase name="TC26createANewEntityAndVerifyThatIsShowingInTable" time="31.431" classname="com.apex.testCases.EntityOwnership"/>
  <system-out/>
</testsuite> <!-- com.apex.testCases.EntityOwnership -->
